Error 2021 09 06 03: 03: 09  --  >  Account Creation: Image verfication error, user didn't type the image right.In DB: 0 , user input: . 
Error 2021 09 06 03: 11: 09  --  >  Account Creation: Image verfication error, user didn't type the image right.In DB: 0 , user input: . 
Error 2021 09 06 03: 18: 09  --  >  Account Creation: Image verfication error, user didn't type the image right.In DB: 0 , user input: . 
Error 2021 09 06 03: 24: 09  --  >  Account Creation: Image verfication error, user didn't type the image right.In DB: 0 , user input: . 
Error 2021 09 06 03: 54: 09  --  >  Account Creation: Image verfication error, user didn't type the image right.In DB: 0 , user input: . 
Error 2021 09 06 03: 08: 09  --  >  Account Creation: Image verfication error, user didn't type the image right.In DB: 0 , user input: asasf. 
Error 2021 09 06 03: 33: 09  --  >  Account Creation: Image verfication error, user didn't type the image right.In DB: 0 , user input: 557e56. 
Error 2021 09 06 03: 42: 09  --  >  Account Creation: Image verfication error, user didn't type the image right.In DB: 0 , user input: jujzd5. 
Error 2021 09 06 03: 31: 09  --  >  Account Creation: Image verfication error, user didn't type the image right.In DB: 0 , user input: jujzd5. 
Error 2021 09 06 03: 45: 09  --  >  Account Creation: Image verfication error, user didn't type the image right.In DB: 0 , user input: asfa. 
Error 2021 09 06 03: 34: 09  --  >  Account Creation: Image verfication error, user didn't type the image right.In DB: 0 , user input: pd2t8q. 
Error 2021 09 06 03: 52: 09  --  >  Account Creation: Image verfication error, user didn't type the image right.In DB: 0 , user input: zdz8ts. 
Error 2021 09 07 12: 06: 09  --  >  Account Creation: Image verfication error, user didn't type the image right.In DB: 0 , user input: safasf. 
Error 2021 09 07 12: 19: 09  --  >  Account Creation: Image verfication error, user didn't type the image right.In DB: 0 , user input: f4su4h. 
Error 2021 09 07 12: 34: 09  --  >  Account Creation: Image verfication error, user didn't type the image right.In DB: 0 , user input: fc3ips. 
Error 2021 09 07 12: 08: 09  --  >  Account Creation: Image verfication error, user didn't type the image right.In DB: 0 , user input: w3x7qp. 
Error 2021 09 07 12: 45: 09  --  >  Account Creation: Image verfication error, user didn't type the image right.In DB: 0 , user input: qh4acy. 
Error 2021 09 07 12: 07: 09  --  >  Account Creation: Image verfication error, user didn't type the image right.In DB: 0 , user input: asd. 
Error 2021 09 07 12: 21: 09  --  >  Account Creation: Image verfication error, user didn't type the image right.In DB: 0 , user input: 7kfvii. 
Error 2021 09 07 12: 55: 09  --  >  Account Creation: Image verfication error, user didn't type the image right.In DB: 0 , user input: asdas. 
Error 2021 09 07 12: 17: 09  --  >  Account Creation: Image verfication error, user didn't type the image right.In DB: 0 , user input: 58ek65. 
Error 2021 09 07 12: 39: 09  --  >  Account Creation: Image verfication error, user didn't type the image right.In DB: 0 , user input: dsm77p. 
Error 2021 09 07 12: 35: 09  --  >  Account Creation: Image verfication error, user didn't type the image right.In DB: 0 , user input: asda. 
Error 2021 09 07 12: 44: 09  --  >  Account Creation: Image verfication error, user didn't type the image right.In DB: 0 , user input: icd5vs. 
Error 2021 09 07 12: 18: 09  --  >  Account Creation: Image verfication error, user didn't type the image right.In DB:  , user input: asd. 
Error 2021 09 07 12: 44: 09  --  >  Account Creation: Image verfication error, user didn't type the image right.In DB: 0 , user input: as. 
Error 2021 09 07 12: 57: 09  --  >  Account Creation: Image verfication error, user didn't type the image right.In DB: 0 , user input: 9beaxf. 
Error 2021 09 07 12: 37: 09  --  >  Account Creation: Image verfication error, user didn't type the image right.In DB: 0 , user input: sj9dbf. 
Error 2021 09 07 01: 58: 09  --  >  Account Creation: Image verfication error, user didn't type the image right.In DB: 0 , user input: 3g2dra. 
Error 2021 09 07 01: 04: 09  --  >  Account Creation: Image verfication error, user didn't type the image right.In DB: 0 , user input: saqga3. 
Error 2021 09 07 01: 55: 09  --  >  Account Creation: Image verfication error, user didn't type the image right.In DB: 0 , user input: fnn5hd. 
Error 2021 09 07 01: 33: 09  --  >  Account Creation: Image verfication error, user didn't type the image right.In DB: 0 , user input: asdasd. 
Error 2021 09 07 01: 13: 09  --  >  Account Creation: Image verfication error, user didn't type the image right.In DB:  , user input: asfaf. 
Error 2021 09 07 01: 13: 09  --  >  Account Creation: Image verfication error, user didn't type the image right.In DB:  , user input: asd. 
Error 2021 09 07 01: 37: 09  --  >  Account Creation: Image verfication error, user didn't type the image right.In DB: 1 , user input: sadasd. 
Error 2021 09 07 01: 09: 09  --  >  Account Creation: Image verfication error, user didn't type the image right.In DB: 1 , user input: asfsa. 
Error 2021 09 07 01: 19: 09  --  >  Account Creation: Image verfication error, user didn't type the image right.In DB: 1 , user input: gitbdf. 
Error 2021 09 07 01: 16: 09  --  >  Account Creation: Image verfication error, user didn't type the image right.In DB: 0 , user input: asd. 
Error 2021 09 07 01: 55: 09  --  >  Account Creation: Image verfication error, user didn't type the image right.In DB:  , user input: asdsa. 
Error 2021 09 07 01: 32: 09  --  >  Account Creation: Image verfication error, user didn't type the image right.In DB: 1 , user input: asdsad. 
Error 2021 09 07 01: 59: 09  --  >  Account Creation: Image verfication error, user didn't type the image right.In DB:  , user input: asd. 
Error 2021 09 07 01: 40: 09  --  >  Account Creation: Image verfication error, user didn't type the image right.In DB: 0 , user input: sadsad. 
Error 2021 09 07 01: 18: 09  --  >  Account Creation: Image verfication error, user didn't type the image right.In DB: 0 , user input: sasaffas. 
Error 2021 09 07 01: 13: 09  --  >  Account Creation: Image verfication error, user didn't type the image right.In DB: 0 , user input: sadasd. 
Error 2021 09 07 01: 31: 09  --  >  Account Creation: Image verfication error, user didn't type the image right.In DB: 1 , user input: asdasd. 
Error 2021 09 07 01: 03: 09  --  >  Account Creation: Image verfication error, user didn't type the image right.In DB: 0 , user input: sdsadasd. 
Error 2021 09 07 01: 52: 09  --  >  Account Creation: Image verfication error, user didn't type the image right.In DB: 1 , user input: asdad. 
Error 2021 09 07 01: 48: 09  --  >  Account Creation: Image verfication error, user didn't type the image right.In DB:  , user input: sadasd. 
Error 2021 09 07 01: 17: 09  --  >  Account Creation: Image verfication error, user didn't type the image right.In DB: 0 , user input: asdsad. 
Error 2021 09 07 01: 21: 09  --  >  Account Creation: Image verfication error, user didn't type the image right.In DB: 0 , user input: asfasf. 
Error 2021 09 07 01: 16: 09  --  >  Account Creation: Image verfication error, user didn't type the image right.In DB: 0 , user input: k6thmm. 
Error 2021 09 07 01: 35: 09  --  >  Account Creation: Image verfication error, user didn't type the image right.In DB: 0 , user input: dada. 
Error 2021 09 07 01: 24: 09  --  >  Account Creation: Image verfication error, user didn't type the image right.In DB: 0 , user input: asdsad. 
Error 2021 09 07 01: 33: 09  --  >  Account Creation: Image verfication error, user didn't type the image right.In DB: 0 , user input: . 
Error 2021 09 07 01: 38: 09  --  >  Account Creation: Image verfication error, user didn't type the image right.In DB: 0 , user input: asfaf. 
Error 2021 09 07 01: 01: 09  --  >  Account Creation: Image verfication error, user didn't type the image right.In DB: 1 , user input: asfasf. 
Error 2021 09 07 01: 08: 09  --  >  Account Creation: Image verfication error, user didn't type the image right.In DB: 1 , user input: safaf. 
Error 2021 09 07 01: 13: 09  --  >  Account Creation: Image verfication error, user didn't type the image right.In DB: 1 , user input: asfafsaf. 
Error 2021 09 07 01: 31: 09  --  >  Account Creation: Image verfication error, user didn't type the image right.In DB: 0 , user input: asfsafaf. 
Error 2021 09 07 01: 55: 09  --  >  Account Creation: Image verfication error, user didn't type the image right.In DB: 1 , user input: sdadsa. 
Error 2021 09 07 01: 11: 09  --  >  Account Creation: Image verfication error, user didn't type the image right.In DB: 0 , user input: asdad. 
Error 2021 09 07 06: 09: 09  --  >  Account Creation: Image verfication error, user didn't type the image right.In DB: 0 , user input: asdas. 
Error 2021 09 07 06: 28: 09  --  >  Account Creation: Image verfication error, user didn't type the image right.In DB: 0 , user input: asdas. 
Error 2021 09 07 06: 33: 09  --  >  Account Creation: Image verfication error, user didn't type the image right.In DB: 0 , user input: asdas. 
Error 2021 09 07 06: 04: 09  --  >  Account Creation: Image verfication error, user didn't type the image right.In DB: 0 , user input: dsad. 
Error 2021 09 07 06: 42: 09  --  >  Account Creation: Image verfication error, user didn't type the image right.In DB: 0 , user input: asfasf. 
Error 2021 09 07 06: 04: 09  --  >  Account Creation: Image verfication error, user didn't type the image right.In DB: 10 , user input: asdad. 
Error 2021 09 07 06: 40: 09  --  >  Account Creation: Image verfication error, user didn't type the image right.In DB: 1 , user input: asdad. 
Error 2021 09 07 06: 54: 09  --  >  Account Creation: Image verfication error, user didn't type the image right.In DB: 0 , user input: sadsad. 
Error 2021 09 07 06: 27: 09  --  >  Account Creation: Image verfication error, user didn't type the image right.In DB: 0 , user input: sadadasd. 
Error 2021 09 07 06: 36: 09  --  >  Account Creation: Image verfication error, user didn't type the image right.In DB: 0 , user input: sadadasd. 
Error 2021 09 07 06: 38: 09  --  >  Account Creation: Image verfication error, user didn't type the image right.In DB: 0 , user input: sadad. 
Error 2021 09 07 06: 45: 09  --  >  Account Creation: Image verfication error, user didn't type the image right.In DB: 0 , user input: sadasd. 
Error 2021 09 07 06: 51: 09  --  >  Account Creation: Image verfication error, user didn't type the image right.In DB: 0 , user input: asdasd. 
Error 2021 09 07 06: 01: 09  --  >  Account Creation: Image verfication error, user didn't type the image right.In DB: 0 , user input: asdasd. 
Error 2021 09 07 06: 34: 09  --  >  Account Creation: Image verfication error, user didn't type the image right.In DB: 0 , user input: asdsad. 
Error 2021 09 07 06: 00: 09  --  >  Account Creation: Image verfication error, user didn't type the image right.In DB: 0 , user input: . 
Error 2021 09 07 06: 03: 09  --  >  Account Creation: Image verfication error, user didn't type the image right.In DB: 0 , user input: sadadasd. 
Error 2021 09 07 06: 07: 09  --  >  Account Creation: Image verfication error, user didn't type the image right.In DB: 0 , user input: asd. 
Error 2021 09 07 06: 53: 09  --  >  Account Creation: Image verfication error, user didn't type the image right.In DB: 0 , user input: asdsa. 
Error 2021 09 07 06: 00: 09  --  >  Account Creation: Image verfication error, user didn't type the image right.In DB: 27 , user input: asdad. 
Error 2021 09 07 06: 57: 09  --  >  Account Creation: Image verfication error, user didn't type the image right.In DB: 28 , user input: asdad. 
Error 2021 09 07 06: 12: 09  --  >  Account Creation: Image verfication error, user didn't type the image right.In DB: 29 , user input: asdad. 
Error 2021 09 07 06: 20: 09  --  >  Account Creation: Image verfication error, user didn't type the image right.In DB: 30 , user input: asdad. 
Error 2021 09 07 06: 39: 09  --  >  Account Creation: Image verfication error, user didn't type the image right.In DB: 0 , user input: asdad. 
Error 2021 09 07 06: 43: 09  --  >  Account Creation: Image verfication error, user didn't type the image right.In DB: 0 , user input: asdad. 
Error 2021 09 07 06: 44: 09  --  >  Account Creation: Image verfication error, user didn't type the image right.In DB: 0 , user input: asdad. 
Error 2021 09 07 06: 46: 09  --  >  Account Creation: Image verfication error, user didn't type the image right.In DB: 34 , user input: asdad. 
Error 2021 09 07 06: 57: 09  --  >  Account Creation: Image verfication error, user didn't type the image right.In DB: 35 , user input: asdad. 
Error 2021 09 07 06: 38: 09  --  >  Account Creation: Image verfication error, user didn't type the image right.In DB:  , user input: asdad. 
Error 2021 09 07 06: 46: 09  --  >  Account Creation: Image verfication error, user didn't type the image right.In DB: 37 , user input: asdad. 
Error 2021 09 07 06: 22: 09  --  >  Account Creation: Image verfication error, user didn't type the image right.In DB: 38 , user input: asdad. 
Error 2021 09 07 06: 39: 09  --  >  Account Creation: Image verfication error, user didn't type the image right.In DB: 39 , user input: asdad. 
Error 2021 09 07 06: 41: 09  --  >  Account Creation: Image verfication error, user didn't type the image right.In DB: 40 , user input: asdad. 
Error 2021 09 07 06: 50: 09  --  >  Account Creation: Image verfication error, user didn't type the image right.In DB: 41 , user input: asdad. 
Error 2021 09 07 06: 58: 09  --  >  Account Creation: Image verfication error, user didn't type the image right.In DB: 43 , user input: gadgdasg. 
Error 2021 09 07 06: 48: 09  --  >  Account Creation: Image verfication error, user didn't type the image right.In DB: 44 , user input: gadgdasg. 
Error 2021 09 07 06: 04: 09  --  >  Account Creation: Image verfication error, user didn't type the image right.In DB: 45 , user input: gadgdasg. 
Error 2021 09 07 06: 16: 09  --  >  Account Creation: Image verfication error, user didn't type the image right.In DB: 0 , user input: gadgdasg. 
Error 2021 09 07 06: 32: 09  --  >  Account Creation: Image verfication error, user didn't type the image right.In DB: 0 , user input: gadgdasg. 
Error 2021 09 07 06: 38: 09  --  >  Account Creation: Image verfication error, user didn't type the image right.In DB: 0 , user input: gadgdasg. 
Error 2021 09 07 06: 42: 09  --  >  Account Creation: Image verfication error, user didn't type the image right.In DB: 0 , user input: asdasd. 
Error 2021 09 07 06: 45: 09  --  >  Account Creation: Image verfication error, user didn't type the image right.In DB: 0 , user input: asdasd. 
Error 2021 09 07 06: 46: 09  --  >  Account Creation: Image verfication error, user didn't type the image right.In DB: 0 , user input: asdasd. 
Error 2021 09 07 06: 47: 09  --  >  Account Creation: Image verfication error, user didn't type the image right.In DB: 0 , user input: asdasd. 
Error 2021 09 07 06: 54: 09  --  >  Account Creation: Image verfication error, user didn't type the image right.In DB: 53 , user input: asda. 
Error 2021 09 07 06: 27: 09  --  >  Account Creation: Image verfication error, user didn't type the image right.In DB: 54 , user input: asda. 
Error 2021 09 07 06: 34: 09  --  >  Account Creation: Image verfication error, user didn't type the image right.In DB: 55 , user input: asda. 
Error 2021 09 07 06: 42: 09  --  >  Account Creation: Image verfication error, user didn't type the image right.In DB: 56 , user input: asda. 
Error 2021 09 07 06: 47: 09  --  >  Account Creation: Image verfication error, user didn't type the image right.In DB: 57 , user input: asda. 
Error 2021 09 07 06: 53: 09  --  >  Account Creation: Image verfication error, user didn't type the image right.In DB: 0 , user input: asda. 
Error 2021 09 07 06: 57: 09  --  >  Account Creation: Image verfication error, user didn't type the image right.In DB: 0 , user input: asda. 
Error 2021 09 07 06: 01: 09  --  >  Account Creation: Image verfication error, user didn't type the image right.In DB: 0 , user input: asda. 
Error 2021 09 07 06: 05: 09  --  >  Account Creation: Image verfication error, user didn't type the image right.In DB: 0 , user input: asda. 
Error 2021 09 07 06: 10: 09  --  >  Account Creation: Image verfication error, user didn't type the image right.In DB: 0 , user input: asda. 
Error 2021 09 07 06: 44: 09  --  >  Account Creation: Image verfication error, user didn't type the image right.In DB: 0 , user input: asda. 
Error 2021 09 07 06: 47: 09  --  >  Account Creation: Image verfication error, user didn't type the image right.In DB: 0 , user input: asda. 
Error 2021 09 07 06: 49: 09  --  >  Account Creation: Image verfication error, user didn't type the image right.In DB: 0 , user input: . 
Error 2021 09 07 06: 52: 09  --  >  Account Creation: Image verfication error, user didn't type the image right.In DB: 0 , user input: asdad. 
Error 2021 09 07 06: 02: 09  --  >  Account Creation: Image verfication error, user didn't type the image right.In DB: 0 , user input: . 
Error 2021 09 07 06: 04: 09  --  >  Account Creation: Image verfication error, user didn't type the image right.In DB: 0 , user input: asd. 
Error 2021 09 07 06: 07: 09  --  >  Account Creation: Image verfication error, user didn't type the image right.In DB: 0 , user input: asd. 
Error 2021 09 07 06: 20: 09  --  >  Account Creation: Image verfication error, user didn't type the image right.In DB: 0 , user input: asdasd. 
Error 2021 09 07 06: 23: 09  --  >  Account Creation: Image verfication error, user didn't type the image right.In DB: 0 , user input: sadad. 
Error 2021 09 07 06: 29: 09  --  >  Account Creation: Image verfication error, user didn't type the image right.In DB: 0 , user input: asdad. 
Error 2021 09 07 06: 41: 09  --  >  Account Creation: Image verfication error, user didn't type the image right.In DB: 0 , user input: asdad. 
Error 2021 09 07 06: 42: 09  --  >  Account Creation: Image verfication error, user didn't type the image right.In DB: 0 , user input: asda. 
Error 2021 09 07 06: 55: 09  --  >  Account Creation: Image verfication error, user didn't type the image right.In DB: 0 , user input: asda. 
Error 2021 09 07 06: 57: 09  --  >  Account Creation: Image verfication error, user didn't type the image right.In DB: 0 , user input: asdad. 
Error 2021 09 07 06: 02: 09  --  >  Account Creation: Image verfication error, user didn't type the image right.In DB: 77 , user input: . 
Error 2021 09 07 06: 03: 09  --  >  Account Creation: Image verfication error, user didn't type the image right.In DB: 78 , user input: asdad. 
Error 2021 09 07 06: 23: 09  --  >  Account Creation: Image verfication error, user didn't type the image right.In DB: 79 , user input: asdad. 
Error 2021 09 07 06: 25: 09  --  >  Account Creation: Image verfication error, user didn't type the image right.In DB: 80 , user input: asdad. 
Error 2021 09 07 06: 32: 09  --  >  Account Creation: Image verfication error, user didn't type the image right.In DB: 0 , user input: asda. 
Error 2021 09 07 06: 35: 09  --  >  Account Creation: Image verfication error, user didn't type the image right.In DB: 0 , user input: asdad. 
Error 2021 09 07 06: 41: 09  --  >  Account Creation: Image verfication error, user didn't type the image right.In DB: 0 , user input: asda. 
Error 2021 09 07 06: 42: 09  --  >  Account Creation: Image verfication error, user didn't type the image right.In DB: 0 , user input: asda. 
Error 2021 09 07 06: 46: 09  --  >  Account Creation: Image verfication error, user didn't type the image right.In DB: 85 , user input: asda. 
Error 2021 09 07 07: 34: 09  --  >  Account Creation: Image verfication error, user didn't type the image right.In DB: 86 , user input: asda. 
Error 2021 09 07 07: 28: 09  --  >  Account Creation: Image verfication error, user didn't type the image right.In DB: 1 , user input: safasfsa. 
Error 2021 09 07 07: 19: 09  --  >  Account Creation: Image verfication error, user didn't type the image right.In DB: 2 , user input: asdad. 
Error 2021 09 07 07: 29: 09  --  >  Account Creation: Image verfication error, user didn't type the image right.In DB: 4 , user input: asdad. 
Error 2021 09 07 03: 37: 09  --  >  Account Creation: Image verfication error, user didn't type the image right.In DB:  , user input: asfaf. 
Error 2021 09 07 03: 06: 09  --  >  Account Creation: Image verfication error, user didn't type the image right.In DB: 1 , user input: sadasd. 
Error 2021 09 07 03: 53: 09  --  >  Account Creation: Image verfication error, user didn't type the image right.In DB: 2 , user input: sadasd. 
Error 2021 09 07 03: 27: 09  --  >  Account Creation: Image verfication error, user didn't type the image right.In DB: 3 , user input: sadasd. 
Error 2021 09 07 03: 39: 09  --  >  Account Creation: Image verfication error, user didn't type the image right.In DB: 0 , user input: sadasd. 
Error 2021 09 07 03: 53: 09  --  >  Account Creation: Image verfication error, user didn't type the image right.In DB: 1 , user input: sadasd. 
Error 2021 09 07 03: 18: 09  --  >  Account Creation: Image verfication error, user didn't type the image right.In DB: 1 , user input: sadasd. 
Error 2021 09 07 03: 54: 09  --  >  Account Creation: Image verfication error, user didn't type the image right.In DB:  , user input: safasf. 
Error 2021 09 07 03: 26: 09  --  >  Account Creation: Image verfication error, user didn't type the image right.In DB: 1 , user input: asdad. 
Error 2021 09 07 03: 54: 09  --  >  Account Creation: Image verfication error, user didn't type the image right.In DB:  , user input: asdad. 
Error 2021 09 07 03: 01: 09  --  >  Account Creation: Image verfication error, user didn't type the image right.In DB: 1 , user input: asad. 
Error 2021 09 07 03: 14: 09  --  >  Account Creation: Image verfication error, user didn't type the image right.In DB: 1 , user input: asdad. 
Error 2021 09 07 03: 18: 09  --  >  Account Creation: Image verfication error, user didn't type the image right.In DB: 1 , user input: asdad. 
Error 2021 09 07 04: 31: 09  --  >  Account Creation: Image verfication error, user didn't type the image right.In DB: 0 , user input: asdad. 
Error 2021 09 07 04: 41: 09  --  >  Account Creation: Image verfication error, user didn't type the image right.In DB: 1 , user input: asdad. 
Error 2021 09 07 04: 13: 09  --  >  Account Creation: Image verfication error, user didn't type the image right.In DB: 1 , user input: asfafasf. 
Error 2021 09 07 04: 33: 09  --  >  Account Creation: Image verfication error, user didn't type the image right.In DB: 1 , user input: asfafa. 
Error 2021 09 07 04: 12: 09  --  >  Account Creation: Image verfication error, user didn't type the image right.In DB: 1 , user input: asfafasf. 
Error 2021 09 07 04: 48: 09  --  >  Account Creation: Image verfication error, user didn't type the image right.In DB: 1 , user input: asfafasf. 
Error 2021 09 07 04: 23: 09  --  >  Account Creation: Image verfication error, user didn't type the image right.In DB: 1 , user input: safasfaf. 
Error 2021 09 07 05: 52: 09  --  >  Account Creation: Image verfication error, user didn't type the image right.In DB: 0 , user input: asdad. 
Error 2021 09 07 05: 25: 09  --  >  Account Creation: Image verfication error, user didn't type the image right.In DB: 0 , user input: sadfasf. 
Error 2021 09 07 05: 25: 09  --  >  Account Creation: Image verfication error, user didn't type the image right.In DB: 0 , user input: sadad. 
Error 2021 09 07 05: 30: 09  --  >  Account Creation: Image verfication error, user didn't type the image right.In DB: 0 , user input: asdfaf. 
Error 2021 09 07 06: 26: 09  --  >  Account Creation: Image verfication error, user didn't type the image right.In DB: 0 , user input: asdad. 
Error 2021 09 07 06: 59: 09  --  >  Account Creation: Image verfication error, user didn't type the image right.In DB: 1 , user input: asda. 
Error 2021 09 07 06: 19: 09  --  >  Account Creation: Image verfication error, user didn't type the image right.In DB: 1 , user input: asda. 
Error 2021 09 07 06: 24: 09  --  >  Account Creation: Image verfication error, user didn't type the image right.In DB: 0 , user input: asda. 
Error 2021 09 07 06: 12: 09  --  >  Account Creation: Image verfication error, user didn't type the image right.In DB: 1 , user input: asda. 
Error 2021 09 07 10: 40: 09  --  >  Account Creation: Image verfication error, user didn't type the image right.In DB: 0 , user input: asfafasf. 
Error 2021 09 07 10: 17: 09  --  >  Account Creation: Image verfication error, user didn't type the image right.In DB:  , user input: sadasd. 
Error 2021 09 07 10: 26: 09  --  >  Account Creation: Image verfication error, user didn't type the image right.In DB:  , user input: asdad. 
Error 2021 09 07 10: 40: 09  --  >  Account Creation: Image verfication error, user didn't type the image right.In DB: 0 , user input: asdsad. 
Error 2021 09 08 01: 29: 09  --  >  Account Creation: Image verfication error, user didn't type the image right.In DB:  , user input: asdad. 
Error 2021 09 08 01: 28: 09  --  >  Account Creation: Image verfication error, user didn't type the image right.In DB:  , user input: asdad. 
Error 2021 09 08 01: 00: 09  --  >  Account Creation: Image verfication error, user didn't type the image right.In DB:  , user input: asdafaf. 
Error 2021 09 08 01: 07: 09  --  >  Account Creation: Image verfication error, user didn't type the image right.In DB:  , user input: asfaf. 
Error 2021 09 08 01: 58: 09  --  >  Account Creation: Image verfication error, user didn't type the image right.In DB: skqzr9 , user input: asdasd. 
Error 2021 09 08 01: 15: 09  --  >  Account Creation: Image verfication error, user didn't type the image right.In DB:  , user input: asdasd. 
Error 2021 09 08 01: 07: 09  --  >  Account Creation: Image verfication error, user didn't type the image right.In DB: 7p7hb5 , user input: asdsad. 
Error 2021 09 08 01: 15: 09  --  >  Account Creation: Image verfication error, user didn't type the image right.In DB: hxy7pf , user input: hxg7pf. 
Error 2021 09 08 04: 49: 09  --  >  Account Creation: Image verfication error, user didn't type the image right.In DB: gknqkh , user input: . 
Error 2021 09 08 07: 27: 09  --  >  Account Creation: Image verfication error, user didn't type the image right.In DB: r9v378 , user input: rgb378. 
Error 2021 09 09 01: 42: 09  --  >  Account Creation: Image verfication error, user didn't type the image right.In DB: tusrtf , user input: tusrtp. 
Error 2021 09 09 02: 16: 09  --  >  Account Creation: Image verfication error, user didn't type the image right.In DB: c7isty , user input: c7isly. 
Error 2021 09 09 02: 23: 09  --  >  Account Creation: Image verfication error, user didn't type the image right.In DB: yyer7k , user input: yger7k. 
Error 2021 09 09 02: 26: 09  --  >  Account Creation: Image verfication error, user didn't type the image right.In DB: e2seri , user input: . 
Error 2021 09 09 02: 30: 09  --  >  Account Creation: Image verfication error, user didn't type the image right.In DB: qraa4c , user input: graa4c. 
Error 2021 09 09 11: 56: 09  --  >  Account Creation: Image verfication error, user didn't type the image right.In DB:  , user input: 78asdsad. 
Error 2021 09 09 11: 59: 09  --  >  Account Creation: Image verfication error, user didn't type the image right.In DB:  , user input: . 
Error 2021 09 09 11: 03: 09  --  >  Account Creation: Image verfication error, user didn't type the image right.In DB:  , user input: ega7bz. 
Error 2021 09 09 11: 10: 09  --  >  Account Creation: Image verfication error, user didn't type the image right.In DB:  , user input: 6r8x7e. 
Error 2021 09 09 11: 40: 09  --  >  Account Creation: Image verfication error, user didn't type the image right.In DB: 7xexnm , user input: 7x6xnm. 
Error 2021 09 09 11: 49: 09  --  >  Account Creation: Image verfication error, user didn't type the image right.In DB: i9uyac , user input: . 
Error 2021 09 09 11: 52: 09  --  >  Account Creation: Image verfication error, user didn't type the image right.In DB: uzxq7m , user input: . 
Error 2021 09 09 11: 58: 09  --  >  Account Creation: Image verfication error, user didn't type the image right.In DB: 5v7yg7 , user input: 5v7gg7. 
Error 2021 09 10 01: 37: 09  --  >  Account Creation: Image verfication error, user didn't type the image right.In DB: 9g6sqt , user input: 9g63qt. 
Error 2021 09 10 02: 09: 09  --  >  Account Creation: Image verfication error, user didn't type the image right.In DB: weuzhm , user input: . 
Error 2021 09 10 02: 24: 09  --  >  Account Creation: Image verfication error, user didn't type the image right.In DB: siuejx , user input: siuajx. 
Error 2021 09 10 02: 30: 09  --  >  Account Creation: Image verfication error, user didn't type the image right.In DB: mm6x3q , user input: mm. 
Error 2021 09 10 02: 37: 09  --  >  Account Creation: Image verfication error, user didn't type the image right.In DB: 7yk9py , user input: 7ykgpy. 
Error 2021 09 21 11: 03: 09  --  >  Account Creation: Image verfication error, user didn't type the image right.In DB: 8uxv4r , user input: bukvpt. 
Error 2021 09 21 11: 11: 09  --  >  Account Creation: Image verfication error, user didn't type the image right.In DB: 3kzebx , user input: bkzebl. 
Error 2021 09 21 11: 20: 09  --  >  Account Creation: Image verfication error, user didn't type the image right.In DB: wztx4f , user input: wzdk4f. 
Error 2021 09 21 11: 25: 09  --  >  Account Creation: Image verfication error, user didn't type the image right.In DB: 5ubc4i , user input: 5ubc4. 
Error 2021 09 21 11: 35: 09  --  >  Account Creation: Image verfication error, user didn't type the image right.In DB: mrkqv4 , user input: mrcqv4. 
Error 2021 09 21 11: 33: 09  --  >  Account Creation: Image verfication error, user didn't type the image right.In DB: ehqhte , user input: . 
Error 2021 09 21 11: 35: 09  --  >  Account Creation: Image verfication error, user didn't type the image right.In DB: ndf6vd , user input: . 
